2025-05-06 15:42:01,216 - INFO - uitschieter ontdekt in /home/jstuut/meetsysteem/sensorbuitenmuur.csv.
2025-05-06 17:00:07,437 - INFO - uitschieter ontdekt in /home/jstuut/meetsysteem/sensorraam.csv.
2025-05-10 00:31:10,776 - INFO - uitschieter ontdekt in /home/jstuut/meetsysteem/sensorbuitenmuur.csv.
2025-05-10 00:31:10,778 - INFO - uitschieter ontdekt in /home/jstuut/meetsysteem/sensorbinnenmuur.csv.
2025-05-10 00:31:10,779 - INFO - uitschieter ontdekt in /home/jstuut/meetsysteem/sensorhoek.csv.
2025-05-10 00:31:10,779 - INFO - uitschieter ontdekt in /home/jstuut/meetsysteem/sensorraam.csv.
2025-05-10 00:31:10,780 - INFO - uitschieter ontdekt in /home/jstuut/meetsysteem/sensorruimte.csv.
2025-05-10 00:32:00,783 - INFO - uitschieter ontdekt in /home/jstuut/meetsysteem/sensorbuitenmuur.csv.
2025-05-10 00:32:00,785 - INFO - uitschieter ontdekt in /home/jstuut/meetsysteem/sensorbinnenmuur.csv.
2025-05-10 00:32:00,787 - INFO - uitschieter ontdekt in /home/jstuut/meetsysteem/sensorhoek.csv.
2025-05-10 00:32:00,790 - INFO - uitschieter ontdekt in /home/jstuut/meetsysteem/sensorraam.csv.
2025-05-10 00:32:00,791 - INFO - uitschieter ontdekt in /home/jstuut/meetsysteem/sensorruimte.csv.
2025-05-10 00:32:50,795 - INFO - uitschieter ontdekt in /home/jstuut/meetsysteem/sensorbuitenmuur.csv.
2025-05-10 00:32:50,798 - INFO - uitschieter ontdekt in /home/jstuut/meetsysteem/sensorbinnenmuur.csv.
2025-05-10 00:32:50,800 - INFO - uitschieter ontdekt in /home/jstuut/meetsysteem/sensorhoek.csv.
2025-05-10 00:32:50,802 - INFO - uitschieter ontdekt in /home/jstuut/meetsysteem/sensorraam.csv.
2025-05-10 00:32:50,803 - INFO - uitschieter ontdekt in /home/jstuut/meetsysteem/sensorruimte.csv.
2025-05-10 00:33:40,808 - INFO - uitschieter ontdekt in /home/jstuut/meetsysteem/sensorbuitenmuur.csv.
2025-05-10 00:33:40,810 - INFO - uitschieter ontdekt in /home/jstuut/meetsysteem/sensorbinnenmuur.csv.
2025-05-10 00:33:40,812 - INFO - uitschieter ontdekt in /home/jstuut/meetsysteem/sensorhoek.csv.
2025-05-10 00:33:40,814 - INFO - uitschieter ontdekt in /home/jstuut/meetsysteem/sensorraam.csv.
2025-05-10 00:33:40,816 - INFO - uitschieter ontdekt in /home/jstuut/meetsysteem/sensorruimte.csv.
2025-05-10 00:34:30,820 - INFO - uitschieter ontdekt in /home/jstuut/meetsysteem/sensorbuitenmuur.csv.
2025-05-10 00:34:30,822 - INFO - uitschieter ontdekt in /home/jstuut/meetsysteem/sensorbinnenmuur.csv.
2025-05-10 00:34:30,824 - INFO - uitschieter ontdekt in /home/jstuut/meetsysteem/sensorhoek.csv.
2025-05-10 00:34:30,826 - INFO - uitschieter ontdekt in /home/jstuut/meetsysteem/sensorraam.csv.
2025-05-10 00:34:30,828 - INFO - uitschieter ontdekt in /home/jstuut/meetsysteem/sensorruimte.csv.
2025-05-10 00:35:20,832 - INFO - uitschieter ontdekt in /home/jstuut/meetsysteem/sensorbuitenmuur.csv.
2025-05-10 00:35:20,834 - INFO - uitschieter ontdekt in /home/jstuut/meetsysteem/sensorbinnenmuur.csv.
2025-05-10 00:35:20,836 - INFO - uitschieter ontdekt in /home/jstuut/meetsysteem/sensorhoek.csv.
2025-05-10 00:35:20,838 - INFO - uitschieter ontdekt in /home/jstuut/meetsysteem/sensorraam.csv.
2025-05-10 00:35:20,840 - INFO - uitschieter ontdekt in /home/jstuut/meetsysteem/sensorruimte.csv.
2025-05-10 00:36:10,844 - INFO - uitschieter ontdekt in /home/jstuut/meetsysteem/sensorbuitenmuur.csv.
2025-05-10 00:36:10,846 - INFO - uitschieter ontdekt in /home/jstuut/meetsysteem/sensorbinnenmuur.csv.
2025-05-10 00:36:10,848 - INFO - uitschieter ontdekt in /home/jstuut/meetsysteem/sensorhoek.csv.
2025-05-10 00:36:10,850 - INFO - uitschieter ontdekt in /home/jstuut/meetsysteem/sensorraam.csv.
2025-05-10 00:36:10,852 - INFO - uitschieter ontdekt in /home/jstuut/meetsysteem/sensorruimte.csv.
2025-05-10 00:37:00,856 - INFO - uitschieter ontdekt in /home/jstuut/meetsysteem/sensorbuitenmuur.csv.
2025-05-10 00:37:00,858 - INFO - uitschieter ontdekt in /home/jstuut/meetsysteem/sensorbinnenmuur.csv.
2025-05-10 00:37:00,860 - INFO - uitschieter ontdekt in /home/jstuut/meetsysteem/sensorhoek.csv.
2025-05-10 00:37:00,862 - INFO - uitschieter ontdekt in /home/jstuut/meetsysteem/sensorraam.csv.
2025-05-10 00:37:00,864 - INFO - uitschieter ontdekt in /home/jstuut/meetsysteem/sensorruimte.csv.
2025-05-10 00:37:50,868 - INFO - uitschieter ontdekt in /home/jstuut/meetsysteem/sensorbuitenmuur.csv.
2025-05-10 00:37:50,870 - INFO - uitschieter ontdekt in /home/jstuut/meetsysteem/sensorbinnenmuur.csv.
2025-05-10 00:37:50,872 - INFO - uitschieter ontdekt in /home/jstuut/meetsysteem/sensorhoek.csv.
2025-05-10 00:37:50,874 - INFO - uitschieter ontdekt in /home/jstuut/meetsysteem/sensorraam.csv.
2025-05-10 00:37:50,876 - INFO - uitschieter ontdekt in /home/jstuut/meetsysteem/sensorruimte.csv.
2025-05-10 00:38:40,880 - INFO - uitschieter ontdekt in /home/jstuut/meetsysteem/sensorbuitenmuur.csv.
2025-05-10 00:38:40,882 - INFO - uitschieter ontdekt in /home/jstuut/meetsysteem/sensorbinnenmuur.csv.
2025-05-10 00:38:40,884 - INFO - uitschieter ontdekt in /home/jstuut/meetsysteem/sensorhoek.csv.
2025-05-10 00:38:40,886 - INFO - uitschieter ontdekt in /home/jstuut/meetsysteem/sensorraam.csv.
2025-05-10 00:38:40,888 - INFO - uitschieter ontdekt in /home/jstuut/meetsysteem/sensorruimte.csv.
2025-05-10 00:39:30,892 - INFO - uitschieter ontdekt in /home/jstuut/meetsysteem/sensorbuitenmuur.csv.
2025-05-10 00:39:30,894 - INFO - uitschieter ontdekt in /home/jstuut/meetsysteem/sensorbinnenmuur.csv.
2025-05-10 00:39:30,896 - INFO - uitschieter ontdekt in /home/jstuut/meetsysteem/sensorhoek.csv.
2025-05-10 00:39:30,898 - INFO - uitschieter ontdekt in /home/jstuut/meetsysteem/sensorraam.csv.
2025-05-10 00:39:30,900 - INFO - uitschieter ontdekt in /home/jstuut/meetsysteem/sensorruimte.csv.
2025-05-10 00:40:20,904 - INFO - uitschieter ontdekt in /home/jstuut/meetsysteem/sensorbuitenmuur.csv.
2025-05-10 00:40:20,906 - INFO - uitschieter ontdekt in /home/jstuut/meetsysteem/sensorbinnenmuur.csv.
2025-05-10 00:40:20,908 - INFO - uitschieter ontdekt in /home/jstuut/meetsysteem/sensorhoek.csv.
2025-05-10 00:40:20,910 - INFO - uitschieter ontdekt in /home/jstuut/meetsysteem/sensorraam.csv.
2025-05-10 00:40:20,912 - INFO - uitschieter ontdekt in /home/jstuut/meetsysteem/sensorruimte.csv.
2025-05-10 00:41:10,916 - INFO - uitschieter ontdekt in /home/jstuut/meetsysteem/sensorbuitenmuur.csv.
2025-05-10 00:41:10,921 - INFO - uitschieter ontdekt in /home/jstuut/meetsysteem/sensorraam.csv.
2025-05-10 00:42:00,927 - INFO - uitschieter ontdekt in /home/jstuut/meetsysteem/sensorbuitenmuur.csv.
2025-05-10 00:42:00,932 - INFO - uitschieter ontdekt in /home/jstuut/meetsysteem/sensorraam.csv.
2025-05-10 00:42:50,937 - INFO - uitschieter ontdekt in /home/jstuut/meetsysteem/sensorbuitenmuur.csv.
2025-05-10 00:42:50,943 - INFO - uitschieter ontdekt in /home/jstuut/meetsysteem/sensorraam.csv.
2025-05-10 00:43:40,948 - INFO - uitschieter ontdekt in /home/jstuut/meetsysteem/sensorbuitenmuur.csv.
2025-05-10 00:43:40,953 - INFO - uitschieter ontdekt in /home/jstuut/meetsysteem/sensorraam.csv.
2025-05-10 00:44:30,959 - INFO - uitschieter ontdekt in /home/jstuut/meetsysteem/sensorbuitenmuur.csv.
2025-05-10 00:44:30,964 - INFO - uitschieter ontdekt in /home/jstuut/meetsysteem/sensorraam.csv.
2025-05-10 00:45:20,970 - INFO - uitschieter ontdekt in /home/jstuut/meetsysteem/sensorbuitenmuur.csv.
2025-05-10 00:45:20,975 - INFO - uitschieter ontdekt in /home/jstuut/meetsysteem/sensorraam.csv.
2025-05-13 20:53:35,248 - INFO - uitschieter ontdekt in /home/jstuut/meetsysteem/sensorraam.csv.
2025-05-13 20:54:25,278 - INFO - uitschieter ontdekt in /home/jstuut/meetsysteem/sensorraam.csv.
2025-05-13 20:55:15,307 - INFO - uitschieter ontdekt in /home/jstuut/meetsysteem/sensorraam.csv.
2025-05-13 20:56:05,321 - INFO - uitschieter ontdekt in /home/jstuut/meetsysteem/sensorbuitenmuur.csv.
2025-05-13 20:56:05,335 - INFO - uitschieter ontdekt in /home/jstuut/meetsysteem/sensorraam.csv.
2025-05-13 20:56:55,351 - INFO - uitschieter ontdekt in /home/jstuut/meetsysteem/sensorbuitenmuur.csv.
2025-05-13 20:56:55,356 - INFO - uitschieter ontdekt in /home/jstuut/meetsysteem/sensorbinnenmuur.csv.
2025-05-13 20:56:55,367 - INFO - uitschieter ontdekt in /home/jstuut/meetsysteem/sensorraam.csv.
2025-05-13 20:57:45,380 - INFO - uitschieter ontdekt in /home/jstuut/meetsysteem/sensorbuitenmuur.csv.
2025-05-13 20:57:45,386 - INFO - uitschieter ontdekt in /home/jstuut/meetsysteem/sensorbinnenmuur.csv.
2025-05-13 20:57:45,396 - INFO - uitschieter ontdekt in /home/jstuut/meetsysteem/sensorraam.csv.
2025-05-13 20:58:35,411 - INFO - uitschieter ontdekt in /home/jstuut/meetsysteem/sensorbuitenmuur.csv.
2025-05-13 20:58:35,416 - INFO - uitschieter ontdekt in /home/jstuut/meetsysteem/sensorbinnenmuur.csv.
2025-05-13 20:58:35,426 - INFO - uitschieter ontdekt in /home/jstuut/meetsysteem/sensorraam.csv.
2025-05-13 20:59:25,441 - INFO - uitschieter ontdekt in /home/jstuut/meetsysteem/sensorbuitenmuur.csv.
2025-05-13 20:59:25,447 - INFO - uitschieter ontdekt in /home/jstuut/meetsysteem/sensorbinnenmuur.csv.
2025-05-13 20:59:25,457 - INFO - uitschieter ontdekt in /home/jstuut/meetsysteem/sensorraam.csv.
2025-05-13 21:00:15,472 - INFO - uitschieter ontdekt in /home/jstuut/meetsysteem/sensorbuitenmuur.csv.
2025-05-13 21:00:15,477 - INFO - uitschieter ontdekt in /home/jstuut/meetsysteem/sensorbinnenmuur.csv.
2025-05-13 21:00:15,487 - INFO - uitschieter ontdekt in /home/jstuut/meetsysteem/sensorraam.csv.
2025-05-13 21:01:05,504 - INFO - uitschieter ontdekt in /home/jstuut/meetsysteem/sensorbinnenmuur.csv.
2025-05-13 21:01:05,514 - INFO - uitschieter ontdekt in /home/jstuut/meetsysteem/sensorraam.csv.
2025-05-13 21:01:55,541 - INFO - uitschieter ontdekt in /home/jstuut/meetsysteem/sensorraam.csv.
2025-05-13 21:02:45,570 - INFO - uitschieter ontdekt in /home/jstuut/meetsysteem/sensorraam.csv.
2025-05-20 10:37:26,225 - INFO - uitschieter ontdekt in /home/jstuut/meetsysteem/sensorbuitenmuur.csv.
2025-05-20 10:38:16,251 - INFO - uitschieter ontdekt in /home/jstuut/meetsysteem/sensorbuitenmuur.csv.
2025-05-20 10:38:16,257 - INFO - uitschieter ontdekt in /home/jstuut/meetsysteem/sensorbinnenmuur.csv.
2025-05-20 10:39:06,284 - INFO - uitschieter ontdekt in /home/jstuut/meetsysteem/sensorbuitenmuur.csv.
2025-05-20 10:39:06,295 - INFO - uitschieter ontdekt in /home/jstuut/meetsysteem/sensorbinnenmuur.csv.
2025-05-20 10:39:06,302 - INFO - uitschieter ontdekt in /home/jstuut/meetsysteem/sensorhoek.csv.
2025-05-20 10:39:56,324 - INFO - uitschieter ontdekt in /home/jstuut/meetsysteem/sensorbuitenmuur.csv.
2025-05-20 10:39:56,330 - INFO - uitschieter ontdekt in /home/jstuut/meetsysteem/sensorbinnenmuur.csv.
2025-05-20 10:39:56,336 - INFO - uitschieter ontdekt in /home/jstuut/meetsysteem/sensorhoek.csv.
2025-05-20 10:39:56,342 - INFO - uitschieter ontdekt in /home/jstuut/meetsysteem/sensorraam.csv.
2025-05-20 10:40:46,359 - INFO - uitschieter ontdekt in /home/jstuut/meetsysteem/sensorbuitenmuur.csv.
2025-05-20 10:40:46,365 - INFO - uitschieter ontdekt in /home/jstuut/meetsysteem/sensorbinnenmuur.csv.
2025-05-20 10:40:46,371 - INFO - uitschieter ontdekt in /home/jstuut/meetsysteem/sensorhoek.csv.
2025-05-20 10:40:46,377 - INFO - uitschieter ontdekt in /home/jstuut/meetsysteem/sensorraam.csv.
2025-05-20 10:40:46,383 - INFO - uitschieter ontdekt in /home/jstuut/meetsysteem/sensorruimte.csv.
2025-05-20 10:41:36,395 - INFO - uitschieter ontdekt in /home/jstuut/meetsysteem/sensorbuitenmuur.csv.
2025-05-20 10:41:36,401 - INFO - uitschieter ontdekt in /home/jstuut/meetsysteem/sensorbinnenmuur.csv.
2025-05-20 10:41:36,407 - INFO - uitschieter ontdekt in /home/jstuut/meetsysteem/sensorhoek.csv.
2025-05-20 10:41:36,413 - INFO - uitschieter ontdekt in /home/jstuut/meetsysteem/sensorraam.csv.
2025-05-20 10:41:36,419 - INFO - uitschieter ontdekt in /home/jstuut/meetsysteem/sensorruimte.csv.
2025-05-20 10:42:26,430 - INFO - uitschieter ontdekt in /home/jstuut/meetsysteem/sensorbuitenmuur.csv.
2025-05-20 10:42:26,436 - INFO - uitschieter ontdekt in /home/jstuut/meetsysteem/sensorbinnenmuur.csv.
2025-05-20 10:42:26,442 - INFO - uitschieter ontdekt in /home/jstuut/meetsysteem/sensorhoek.csv.
2025-05-20 10:42:26,448 - INFO - uitschieter ontdekt in /home/jstuut/meetsysteem/sensorraam.csv.
2025-05-20 10:42:26,454 - INFO - uitschieter ontdekt in /home/jstuut/meetsysteem/sensorruimte.csv.
2025-05-20 10:43:16,466 - INFO - uitschieter ontdekt in /home/jstuut/meetsysteem/sensorbuitenmuur.csv.
2025-05-20 10:43:16,472 - INFO - uitschieter ontdekt in /home/jstuut/meetsysteem/sensorbinnenmuur.csv.
2025-05-20 10:43:16,478 - INFO - uitschieter ontdekt in /home/jstuut/meetsysteem/sensorhoek.csv.
2025-05-20 10:43:16,484 - INFO - uitschieter ontdekt in /home/jstuut/meetsysteem/sensorraam.csv.
2025-05-20 10:43:16,490 - INFO - uitschieter ontdekt in /home/jstuut/meetsysteem/sensorruimte.csv.
2025-05-20 10:44:06,502 - INFO - uitschieter ontdekt in /home/jstuut/meetsysteem/sensorbuitenmuur.csv.
2025-05-20 10:44:06,508 - INFO - uitschieter ontdekt in /home/jstuut/meetsysteem/sensorbinnenmuur.csv.
2025-05-20 10:44:06,519 - INFO - uitschieter ontdekt in /home/jstuut/meetsysteem/sensorraam.csv.
2025-05-20 10:44:06,525 - INFO - uitschieter ontdekt in /home/jstuut/meetsysteem/sensorruimte.csv.
2025-05-20 10:44:56,537 - INFO - uitschieter ontdekt in /home/jstuut/meetsysteem/sensorbuitenmuur.csv.
2025-05-20 10:44:56,543 - INFO - uitschieter ontdekt in /home/jstuut/meetsysteem/sensorbinnenmuur.csv.
2025-05-20 10:44:56,554 - INFO - uitschieter ontdekt in /home/jstuut/meetsysteem/sensorraam.csv.
2025-05-20 10:44:56,560 - INFO - uitschieter ontdekt in /home/jstuut/meetsysteem/sensorruimte.csv.
2025-05-20 10:45:46,571 - INFO - uitschieter ontdekt in /home/jstuut/meetsysteem/sensorbuitenmuur.csv.
2025-05-20 10:45:46,577 - INFO - uitschieter ontdekt in /home/jstuut/meetsysteem/sensorbinnenmuur.csv.
2025-05-20 10:45:46,589 - INFO - uitschieter ontdekt in /home/jstuut/meetsysteem/sensorraam.csv.
2025-05-20 10:46:36,605 - INFO - uitschieter ontdekt in /home/jstuut/meetsysteem/sensorbuitenmuur.csv.
2025-05-20 10:46:36,611 - INFO - uitschieter ontdekt in /home/jstuut/meetsysteem/sensorbinnenmuur.csv.
2025-05-20 10:46:36,623 - INFO - uitschieter ontdekt in /home/jstuut/meetsysteem/sensorraam.csv.
2025-05-20 10:47:26,645 - INFO - uitschieter ontdekt in /home/jstuut/meetsysteem/sensorbinnenmuur.csv.
2025-05-20 10:47:26,656 - INFO - uitschieter ontdekt in /home/jstuut/meetsysteem/sensorraam.csv.
2025-05-20 10:48:16,689 - INFO - uitschieter ontdekt in /home/jstuut/meetsysteem/sensorraam.csv.
2025-05-20 10:49:06,721 - INFO - uitschieter ontdekt in /home/jstuut/meetsysteem/sensorraam.csv.
2025-07-05 22:15:04,160 - INFO - uitschieter ontdekt in /home/hu/PAP/sensorbinnenmuur.csv.
2025-07-05 22:15:54,174 - INFO - uitschieter ontdekt in /home/hu/PAP/sensorbinnenmuur.csv.
2025-07-05 22:16:44,196 - INFO - uitschieter ontdekt in /home/hu/PAP/sensorbinnenmuur.csv.
2025-07-05 22:17:34,235 - INFO - uitschieter ontdekt in /home/hu/PAP/sensorbinnenmuur.csv.
2025-07-05 22:18:24,265 - INFO - uitschieter ontdekt in /home/hu/PAP/sensorbinnenmuur.csv.
2025-07-05 22:19:14,282 - INFO - uitschieter ontdekt in /home/hu/PAP/sensorbinnenmuur.csv.
2025-07-05 22:20:04,304 - INFO - uitschieter ontdekt in /home/hu/PAP/sensorbinnenmuur.csv.
2025-07-05 22:20:54,325 - INFO - uitschieter ontdekt in /home/hu/PAP/sensorbinnenmuur.csv.
2025-07-05 22:21:44,375 - INFO - uitschieter ontdekt in /home/hu/PAP/sensorbinnenmuur.csv.
2025-07-05 22:22:34,413 - INFO - uitschieter ontdekt in /home/hu/PAP/sensorbinnenmuur.csv.
2025-07-05 22:23:24,447 - INFO - uitschieter ontdekt in /home/hu/PAP/sensorbinnenmuur.csv.
2025-07-05 22:24:14,481 - INFO - uitschieter ontdekt in /home/hu/PAP/sensorbinnenmuur.csv.
2025-07-06 15:10:51,126 - INFO - uitschieter ontdekt in /home/hu/PAP/sensorbuitenmuur.csv.
2025-07-06 15:10:51,126 - INFO - uitschieter ontdekt in /home/hu/PAP/sensorbuitenmuur.csv.
2025-07-06 15:11:41,146 - INFO - uitschieter ontdekt in /home/hu/PAP/sensorbuitenmuur.csv.
2025-07-06 15:11:41,146 - INFO - uitschieter ontdekt in /home/hu/PAP/sensorbuitenmuur.csv.
2025-07-06 15:12:31,162 - INFO - uitschieter ontdekt in /home/hu/PAP/sensorbuitenmuur.csv.
2025-07-06 15:12:31,162 - INFO - uitschieter ontdekt in /home/hu/PAP/sensorbuitenmuur.csv.
2025-07-06 15:13:21,178 - INFO - uitschieter ontdekt in /home/hu/PAP/sensorbuitenmuur.csv.
2025-07-06 15:13:21,178 - INFO - uitschieter ontdekt in /home/hu/PAP/sensorbuitenmuur.csv.
2025-07-06 15:14:11,198 - INFO - uitschieter ontdekt in /home/hu/PAP/sensorbuitenmuur.csv.
2025-07-06 15:14:11,198 - INFO - uitschieter ontdekt in /home/hu/PAP/sensorbuitenmuur.csv.
2025-07-06 15:15:01,234 - INFO - uitschieter ontdekt in /home/hu/PAP/sensorbuitenmuur.csv.
2025-07-06 15:15:01,234 - INFO - uitschieter ontdekt in /home/hu/PAP/sensorbuitenmuur.csv.
2025-07-06 15:15:51,250 - INFO - uitschieter ontdekt in /home/hu/PAP/sensorbuitenmuur.csv.
2025-07-06 15:15:51,250 - INFO - uitschieter ontdekt in /home/hu/PAP/sensorbuitenmuur.csv.
2025-07-06 15:16:41,266 - INFO - uitschieter ontdekt in /home/hu/PAP/sensorbuitenmuur.csv.
2025-07-06 15:16:41,266 - INFO - uitschieter ontdekt in /home/hu/PAP/sensorbuitenmuur.csv.
2025-07-06 15:17:31,290 - INFO - uitschieter ontdekt in /home/hu/PAP/sensorbuitenmuur.csv.
2025-07-06 15:17:31,290 - INFO - uitschieter ontdekt in /home/hu/PAP/sensorbuitenmuur.csv.
2025-07-06 15:18:21,310 - INFO - uitschieter ontdekt in /home/hu/PAP/sensorbuitenmuur.csv.
2025-07-06 15:18:21,310 - INFO - uitschieter ontdekt in /home/hu/PAP/sensorbuitenmuur.csv.
2025-07-06 15:19:11,345 - INFO - uitschieter ontdekt in /home/hu/PAP/sensorbuitenmuur.csv.
2025-07-06 15:19:11,345 - INFO - uitschieter ontdekt in /home/hu/PAP/sensorbuitenmuur.csv.
2025-07-06 15:20:01,361 - INFO - uitschieter ontdekt in /home/hu/PAP/sensorbuitenmuur.csv.
2025-07-06 15:20:01,361 - INFO - uitschieter ontdekt in /home/hu/PAP/sensorbuitenmuur.csv.
2025-07-06 15:20:51,376 - INFO - uitschieter ontdekt in /home/hu/PAP/sensorbuitenmuur.csv.
2025-07-06 15:20:51,376 - INFO - uitschieter ontdekt in /home/hu/PAP/sensorbuitenmuur.csv.
2025-07-06 15:21:41,392 - INFO - uitschieter ontdekt in /home/hu/PAP/sensorbuitenmuur.csv.
2025-07-06 15:21:41,393 - INFO - uitschieter ontdekt in /home/hu/PAP/sensorbuitenmuur.csv.
2025-07-06 15:22:31,412 - INFO - uitschieter ontdekt in /home/hu/PAP/sensorbuitenmuur.csv.
2025-07-06 15:22:31,415 - INFO - uitschieter ontdekt in /home/hu/PAP/sensorbuitenmuur.csv.
2025-07-06 15:23:21,427 - INFO - uitschieter ontdekt in /home/hu/PAP/sensorbuitenmuur.csv.
2025-07-06 15:23:21,431 - INFO - uitschieter ontdekt in /home/hu/PAP/sensorbuitenmuur.csv.
2025-07-06 15:24:11,450 - INFO - uitschieter ontdekt in /home/hu/PAP/sensorbuitenmuur.csv.
2025-07-06 15:24:11,454 - INFO - uitschieter ontdekt in /home/hu/PAP/sensorbuitenmuur.csv.
2025-07-06 15:25:01,489 - INFO - uitschieter ontdekt in /home/hu/PAP/sensorbuitenmuur.csv.
2025-07-06 15:25:01,494 - INFO - uitschieter ontdekt in /home/hu/PAP/sensorbuitenmuur.csv.
2025-07-08 08:53:35,117 - INFO - uitschieter ontdekt in /home/hu/PAP/sensorraam.csv.
2025-07-08 08:53:35,143 - INFO - uitschieter ontdekt in /home/hu/PAP/sensorraam.csv.
2025-07-08 08:54:25,134 - INFO - uitschieter ontdekt in /home/hu/PAP/sensorraam.csv.
2025-07-08 08:54:25,157 - INFO - uitschieter ontdekt in /home/hu/PAP/sensorraam.csv.
2025-07-08 08:55:15,149 - INFO - uitschieter ontdekt in /home/hu/PAP/sensorraam.csv.
2025-07-08 08:55:15,172 - INFO - uitschieter ontdekt in /home/hu/PAP/sensorraam.csv.
2025-07-08 08:56:05,164 - INFO - uitschieter ontdekt in /home/hu/PAP/sensorraam.csv.
2025-07-08 08:56:05,186 - INFO - uitschieter ontdekt in /home/hu/PAP/sensorraam.csv.
2025-07-08 08:56:55,196 - INFO - uitschieter ontdekt in /home/hu/PAP/sensorraam.csv.
2025-07-08 08:56:55,221 - INFO - uitschieter ontdekt in /home/hu/PAP/sensorraam.csv.
2025-07-08 08:57:45,221 - INFO - uitschieter ontdekt in /home/hu/PAP/sensorraam.csv.
2025-07-08 08:57:45,243 - INFO - uitschieter ontdekt in /home/hu/PAP/sensorraam.csv.
2025-07-08 08:58:35,238 - INFO - uitschieter ontdekt in /home/hu/PAP/sensorraam.csv.
2025-07-08 08:58:35,258 - INFO - uitschieter ontdekt in /home/hu/PAP/sensorraam.csv.
2025-07-08 08:59:25,253 - INFO - uitschieter ontdekt in /home/hu/PAP/sensorraam.csv.
2025-07-08 08:59:25,272 - INFO - uitschieter ontdekt in /home/hu/PAP/sensorraam.csv.
2025-07-08 09:00:15,267 - INFO - uitschieter ontdekt in /home/hu/PAP/sensorraam.csv.
2025-07-08 09:00:15,287 - INFO - uitschieter ontdekt in /home/hu/PAP/sensorraam.csv.
2025-07-08 09:01:05,287 - INFO - uitschieter ontdekt in /home/hu/PAP/sensorraam.csv.
2025-07-08 09:01:05,308 - INFO - uitschieter ontdekt in /home/hu/PAP/sensorraam.csv.
2025-07-08 09:01:55,302 - INFO - uitschieter ontdekt in /home/hu/PAP/sensorraam.csv.
2025-07-08 09:01:55,322 - INFO - uitschieter ontdekt in /home/hu/PAP/sensorraam.csv.
2025-07-08 09:02:45,317 - INFO - uitschieter ontdekt in /home/hu/PAP/sensorraam.csv.
2025-07-08 09:02:45,345 - INFO - uitschieter ontdekt in /home/hu/PAP/sensorraam.csv.
2025-07-08 09:13:35,558 - INFO - uitschieter ontdekt in /home/hu/PAP/sensorruimte.csv.
2025-07-08 09:13:35,597 - INFO - uitschieter ontdekt in /home/hu/PAP/sensorruimte.csv.
2025-07-08 09:14:25,600 - INFO - uitschieter ontdekt in /home/hu/PAP/sensorruimte.csv.
2025-07-08 09:14:25,636 - INFO - uitschieter ontdekt in /home/hu/PAP/sensorruimte.csv.
2025-07-08 09:15:15,619 - INFO - uitschieter ontdekt in /home/hu/PAP/sensorruimte.csv.
2025-07-08 09:15:15,652 - INFO - uitschieter ontdekt in /home/hu/PAP/sensorruimte.csv.
2025-07-08 09:16:05,655 - INFO - uitschieter ontdekt in /home/hu/PAP/sensorruimte.csv.
2025-07-08 09:16:05,692 - INFO - uitschieter ontdekt in /home/hu/PAP/sensorruimte.csv.
2025-07-08 09:16:55,677 - INFO - uitschieter ontdekt in /home/hu/PAP/sensorhoek.csv.
2025-07-08 09:16:55,691 - INFO - uitschieter ontdekt in /home/hu/PAP/sensorruimte.csv.
2025-07-08 09:16:55,715 - INFO - uitschieter ontdekt in /home/hu/PAP/sensorhoek.csv.
2025-07-08 09:16:55,726 - INFO - uitschieter ontdekt in /home/hu/PAP/sensorruimte.csv.
2025-07-08 09:17:45,704 - INFO - uitschieter ontdekt in /home/hu/PAP/sensorhoek.csv.
2025-07-08 09:17:45,714 - INFO - uitschieter ontdekt in /home/hu/PAP/sensorruimte.csv.
2025-07-08 09:17:45,739 - INFO - uitschieter ontdekt in /home/hu/PAP/sensorhoek.csv.
2025-07-08 09:17:45,747 - INFO - uitschieter ontdekt in /home/hu/PAP/sensorruimte.csv.
2025-07-08 09:18:35,724 - INFO - uitschieter ontdekt in /home/hu/PAP/sensorhoek.csv.
2025-07-08 09:18:35,757 - INFO - uitschieter ontdekt in /home/hu/PAP/sensorhoek.csv.
2025-07-08 09:19:25,746 - INFO - uitschieter ontdekt in /home/hu/PAP/sensorhoek.csv.
2025-07-08 09:19:25,778 - INFO - uitschieter ontdekt in /home/hu/PAP/sensorhoek.csv.
2025-07-08 09:20:15,762 - INFO - uitschieter ontdekt in /home/hu/PAP/sensorhoek.csv.
2025-07-08 09:20:15,793 - INFO - uitschieter ontdekt in /home/hu/PAP/sensorhoek.csv.
2025-07-08 09:20:59,936 - INFO - uitschieter ontdekt in /home/hu/PAP/sensorhoek.csv.
2025-07-08 09:20:59,970 - INFO - uitschieter ontdekt in /home/hu/PAP/sensorhoek.csv.
2025-07-08 09:22:10,408 - INFO - uitschieter ontdekt in /home/hu/PAP/sensorhoek.csv.
2025-07-08 09:22:10,412 - INFO - uitschieter ontdekt in /home/hu/PAP/sensorhoek.csv.
2025-07-08 09:23:00,430 - INFO - uitschieter ontdekt in /home/hu/PAP/sensorhoek.csv.
2025-07-08 09:23:00,434 - INFO - uitschieter ontdekt in /home/hu/PAP/sensorhoek.csv.
2025-07-08 09:23:50,464 - INFO - uitschieter ontdekt in /home/hu/PAP/sensorhoek.csv.
2025-07-08 09:23:50,470 - INFO - uitschieter ontdekt in /home/hu/PAP/sensorhoek.csv.
2025-07-08 09:24:40,492 - INFO - uitschieter ontdekt in /home/hu/PAP/sensorhoek.csv.
2025-07-08 09:24:40,502 - INFO - uitschieter ontdekt in /home/hu/PAP/sensorhoek.csv.
2025-07-08 09:25:30,506 - INFO - uitschieter ontdekt in /home/hu/PAP/sensorhoek.csv.
2025-07-08 09:25:30,516 - INFO - uitschieter ontdekt in /home/hu/PAP/sensorhoek.csv.
2025-07-08 09:26:20,534 - INFO - uitschieter ontdekt in /home/hu/PAP/sensorhoek.csv.
2025-07-08 09:26:20,542 - INFO - uitschieter ontdekt in /home/hu/PAP/sensorhoek.csv.
2025-07-08 09:27:10,572 - INFO - uitschieter ontdekt in /home/hu/PAP/sensorhoek.csv.
2025-07-08 09:27:10,580 - INFO - uitschieter ontdekt in /home/hu/PAP/sensorhoek.csv.
2025-07-08 09:28:00,612 - INFO - uitschieter ontdekt in /home/hu/PAP/sensorhoek.csv.
2025-07-08 09:28:00,615 - INFO - uitschieter ontdekt in /home/hu/PAP/sensorhoek.csv.
2025-07-08 09:28:50,647 - INFO - uitschieter ontdekt in /home/hu/PAP/sensorhoek.csv.
2025-07-08 09:28:50,665 - INFO - uitschieter ontdekt in /home/hu/PAP/sensorhoek.csv.
